android/app/build/intermediates/manifest_merge_blame_file/debug/manifest-merger-blame-debug-report.txt
1<?xml version="1.0" encoding="utf-8"?>
2<manifest xmlns:android="http://schemas.android.com/apk/res/android"
3    package="com.kodereader"
4    android:versionCode="1"
5    android:versionName="1.0" >
6
7    <uses-sdk
8        android:minSdkVersion="16"
9        android:targetSdkVersion="29" />
10
11    <uses-permission android:name="android.permission.SYSTEM_ALERT_WINDOW" />
11-->src\debug\AndroidManifest.xml:5:5-77
11-->src\debug\AndroidManifest.xml:5:22-75
12    <uses-permission android:name="android.permission.INTERNET" />
12-->src\main\AndroidManifest.xml:4:5-67
12-->src\main\AndroidManifest.xml:4:22-64
13    <uses-permission android:name="android.permission.VIBRATE" />
13-->src\main\AndroidManifest.xml:5:5-65
13-->src\main\AndroidManifest.xml:5:22-63
14    <uses-permission android:name="android.permission.ACCESS_WIFI_STATE" />
14-->[com.facebook.flipper:flipper:0.37.0] AndroidManifest.xml:16:5-76
14-->[com.facebook.flipper:flipper:0.37.0] AndroidManifest.xml:16:22-73
15    <uses-permission android:name="android.permission.CAMERA" />
15-->[:react-native-camera] AndroidManifest.xml:9:5-65
15-->[:react-native-camera] AndroidManifest.xml:9:22-62
16
17    <uses-feature
17-->[:react-native-camera] AndroidManifest.xml:11:5-13:36
18        android:name="android.hardware.camera"
18-->[:react-native-camera] AndroidManifest.xml:12:9-47
19        android:required="false" />
19-->[:react-native-camera] AndroidManifest.xml:13:9-33
20    <uses-feature
20-->[:react-native-camera] AndroidManifest.xml:14:5-16:36
21        android:name="android.hardware.camera.autofocus"
21-->[:react-native-camera] AndroidManifest.xml:15:9-57
22        android:required="false" />
22-->[:react-native-camera] AndroidManifest.xml:16:9-33
23
24    <uses-permission android:name="android.permission.ACCESS_NETWORK_STATE" />
24-->[com.google.firebase:firebase-iid:17.0.3] AndroidManifest.xml:22:5-79
24-->[com.google.firebase:firebase-iid:17.0.3] AndroidManifest.xml:22:22-76
25    <uses-permission android:name="android.permission.WAKE_LOCK" /> <!-- Required by older versions of Google Play services to create IID tokens -->
25-->[com.google.firebase:firebase-iid:17.0.3] AndroidManifest.xml:24:5-68
25-->[com.google.firebase:firebase-iid:17.0.3] AndroidManifest.xml:24:22-65
26    <uses-permission android:name="com.google.android.c2dm.permission.RECEIVE" />
26-->[com.google.firebase:firebase-iid:17.0.3] AndroidManifest.xml:26:5-82
26-->[com.google.firebase:firebase-iid:17.0.3] AndroidManifest.xml:26:22-79
27
28    <application
28-->src\main\AndroidManifest.xml:6:5-25:19
29        android:name="com.kodereader.MainApplication"
29-->src\main\AndroidManifest.xml:7:7-38
30        android:allowBackup="false"
30-->src\main\AndroidManifest.xml:11:7-34
31        android:appComponentFactory="androidx.core.app.CoreComponentFactory"
31-->[androidx.core:core:1.1.0] AndroidManifest.xml:24:18-86
32        android:debuggable="true"
33        android:icon="@mipmap/ic_launcher"
33-->src\main\AndroidManifest.xml:9:7-41
34        android:label="@string/app_name"
34-->src\main\AndroidManifest.xml:8:7-39
35        android:roundIcon="@mipmap/ic_launcher_round"
35-->src\main\AndroidManifest.xml:10:7-52
36        android:theme="@style/AppTheme"
36-->src\main\AndroidManifest.xml:12:7-38
37        android:usesCleartextTraffic="true" >
37-->src\debug\AndroidManifest.xml:7:18-53
38        <activity
38-->src\main\AndroidManifest.xml:13:7-23:18
39            android:name="com.kodereader.MainActivity"
39-->src\main\AndroidManifest.xml:14:9-37
40            android:configChanges="keyboard|keyboardHidden|orientation|screenSize|uiMode"
40-->src\main\AndroidManifest.xml:16:9-86
41            android:label="@string/app_name"
41-->src\main\AndroidManifest.xml:15:9-41
42            android:launchMode="singleTask"
42-->src\main\AndroidManifest.xml:17:9-40
43            android:windowSoftInputMode="adjustResize" >
43-->src\main\AndroidManifest.xml:18:9-51
44            <intent-filter>
44-->src\main\AndroidManifest.xml:19:9-22:25
45                <action android:name="android.intent.action.MAIN" />
45-->src\main\AndroidManifest.xml:20:13-65
45-->src\main\AndroidManifest.xml:20:21-62
46
47                <category android:name="android.intent.category.LAUNCHER" />
47-->src\main\AndroidManifest.xml:21:13-73
47-->src\main\AndroidManifest.xml:21:23-70
48            </intent-filter>
49        </activity>
50        <activity android:name="com.facebook.react.devsupport.DevSettingsActivity" />
50-->src\main\AndroidManifest.xml:24:7-84
50-->src\main\AndroidManifest.xml:24:17-81
51
52        <service
52-->[com.google.firebase:firebase-iid:17.0.3] AndroidManifest.xml:29:9-35:19
53            android:name="com.google.firebase.components.ComponentDiscoveryService"
53-->[com.google.firebase:firebase-iid:17.0.3] AndroidManifest.xml:30:13-84
54            android:exported="false" >
54-->[com.google.firebase:firebase-iid:17.0.3] AndroidManifest.xml:31:13-37
55            <meta-data
55-->[com.google.firebase:firebase-iid:17.0.3] AndroidManifest.xml:32:13-34:85
56                android:name="com.google.firebase.components:com.google.firebase.iid.Registrar"
56-->[com.google.firebase:firebase-iid:17.0.3] AndroidManifest.xml:33:17-96
57                android:value="com.google.firebase.components.ComponentRegistrar" />
57-->[com.google.firebase:firebase-iid:17.0.3] AndroidManifest.xml:34:17-82
58        </service>
59
60        <receiver
60-->[com.google.firebase:firebase-iid:17.0.3] AndroidManifest.xml:37:9-44:20
61            android:name="com.google.firebase.iid.FirebaseInstanceIdReceiver"
61-->[com.google.firebase:firebase-iid:17.0.3] AndroidManifest.xml:38:13-78
62            android:exported="true"
62-->[com.google.firebase:firebase-iid:17.0.3] AndroidManifest.xml:39:13-36
63            android:permission="com.google.android.c2dm.permission.SEND" >
63-->[com.google.firebase:firebase-iid:17.0.3] AndroidManifest.xml:40:13-73
64            <intent-filter>
64-->[com.google.firebase:firebase-iid:17.0.3] AndroidManifest.xml:41:13-43:29
65                <action android:name="com.google.android.c2dm.intent.RECEIVE" />
65-->[com.google.firebase:firebase-iid:17.0.3] AndroidManifest.xml:42:17-81
65-->[com.google.firebase:firebase-iid:17.0.3] AndroidManifest.xml:42:25-78
66            </intent-filter>
67        </receiver>
68        <!--
69             FirebaseInstanceIdService performs security checks at runtime,
70             no need for explicit permissions despite exported="true"
71        -->
72        <service
72-->[com.google.firebase:firebase-iid:17.0.3] AndroidManifest.xml:50:9-56:19
73            android:name="com.google.firebase.iid.FirebaseInstanceIdService"
73-->[com.google.firebase:firebase-iid:17.0.3] AndroidManifest.xml:51:13-77
74            android:exported="true" >
74-->[com.google.firebase:firebase-iid:17.0.3] AndroidManifest.xml:52:13-36
75            <intent-filter android:priority="-500" >
75-->[com.google.firebase:firebase-iid:17.0.3] AndroidManifest.xml:53:13-55:29
75-->[com.google.firebase:firebase-iid:17.0.3] AndroidManifest.xml:53:28-51
76                <action android:name="com.google.firebase.INSTANCE_ID_EVENT" />
76-->[com.google.firebase:firebase-iid:17.0.3] AndroidManifest.xml:54:17-80
76-->[com.google.firebase:firebase-iid:17.0.3] AndroidManifest.xml:54:25-77
77            </intent-filter>
78        </service>
79
80        <activity
80-->[com.google.android.gms:play-services-base:16.0.1] AndroidManifest.xml:23:9-26:75
81            android:name="com.google.android.gms.common.api.GoogleApiActivity"
81-->[com.google.android.gms:play-services-base:16.0.1] AndroidManifest.xml:24:13-79
82            android:exported="false"
82-->[com.google.android.gms:play-services-base:16.0.1] AndroidManifest.xml:25:13-37
83            android:theme="@android:style/Theme.Translucent.NoTitleBar" />
83-->[com.google.android.gms:play-services-base:16.0.1] AndroidManifest.xml:26:13-72
84
85        <provider
85-->[com.google.firebase:firebase-common:16.0.3] AndroidManifest.xml:10:9-14:39
86            android:name="com.google.firebase.provider.FirebaseInitProvider"
86-->[com.google.firebase:firebase-common:16.0.3] AndroidManifest.xml:11:13-77
87            android:authorities="com.kodereader.firebaseinitprovider"
87-->[com.google.firebase:firebase-common:16.0.3] AndroidManifest.xml:12:13-72
88            android:exported="false"
88-->[com.google.firebase:firebase-common:16.0.3] AndroidManifest.xml:13:13-37
89            android:initOrder="100" />
89-->[com.google.firebase:firebase-common:16.0.3] AndroidManifest.xml:14:13-36
90
91        <meta-data
91-->[com.google.android.gms:play-services-basement:16.1.0] AndroidManifest.xml:23:9-25:69
92            android:name="com.google.android.gms.version"
92-->[com.google.android.gms:play-services-basement:16.1.0] AndroidManifest.xml:24:13-58
93            android:value="@integer/google_play_services_version" />
93-->[com.google.android.gms:play-services-basement:16.1.0] AndroidManifest.xml:25:13-66
94    </application>
95
96</manifest>